[22:42:42] [main/INFO]: Environment: authHost='https://authserver.mojang.com', accountsHost='https://api.mojang.com', sessionHost='https://sessionserver.mojang.com', servicesHost='https://api.minecraftservices.com', name='PROD'
[22:42:44] [main/WARN]: Ambiguity between arguments [teleport, destination] and [teleport, targets] with inputs: [Player, 0123, @e, dd12be42-52a9-4a91-a8a1-11c01849e498]
[22:42:44] [main/WARN]: Ambiguity between arguments [teleport, location] and [teleport, destination] with inputs: [0.1 -0.5 .9, 0 0 0]
[22:42:44] [main/WARN]: Ambiguity between arguments [teleport, location] and [teleport, targets] with inputs: [0.1 -0.5 .9, 0 0 0]
[22:42:44] [main/WARN]: Ambiguity between arguments [teleport, targets] and [teleport, destination] with inputs: [Player, 0123, dd12be42-52a9-4a91-a8a1-11c01849e498]
[22:42:44] [main/WARN]: Ambiguity between arguments [teleport, targets, location] and [teleport, targets, destination] with inputs: [0.1 -0.5 .9, 0 0 0]
[22:42:44] [main/INFO]: Reloading ResourceManager: Default
[22:42:46] [Worker-Main-4/INFO]: Loaded 7 recipes
[22:42:46] [Worker-Main-4/INFO]: Loaded 927 advancements
[22:42:49] [Server thread/INFO]: Starting minecraft server version 1.16.5
[22:42:49] [Server thread/INFO]: Loading properties
[22:42:49] [Server thread/INFO]: Default game type: SURVIVAL
[22:42:49] [Server thread/INFO]: Generating keypair
[22:42:49] [Server thread/INFO]: Starting Minecraft server on *:25565
[22:42:49] [Server thread/INFO]: Using default channel type
[22:42:51] [Server thread/INFO]: Preparing level "world"
[22:42:59] [Server thread/INFO]: Preparing start region for dimension minecraft:overworld
[22:42:59] [Worker-Main-5/INFO]: Preparing spawn area: 0%
[22:43:00] [Worker-Main-5/INFO]: Preparing spawn area: 0%
[22:43:00] [Worker-Main-4/INFO]: Preparing spawn area: 0%
[22:43:00] [Worker-Main-5/INFO]: Preparing spawn area: 0%
[22:43:01] [Worker-Main-5/INFO]: Preparing spawn area: 0%
[22:43:01] [Worker-Main-5/INFO]: Preparing spawn area: 0%
[22:43:02] [Worker-Main-5/INFO]: Preparing spawn area: 0%
[22:43:02] [Worker-Main-4/INFO]: Preparing spawn area: 1%
[22:43:03] [Worker-Main-4/INFO]: Preparing spawn area: 2%
[22:43:03] [Worker-Main-4/INFO]: Preparing spawn area: 2%
[22:43:04] [Worker-Main-5/INFO]: Preparing spawn area: 4%
[22:43:04] [Worker-Main-5/INFO]: Preparing spawn area: 4%
[22:43:05] [Worker-Main-4/INFO]: Preparing spawn area: 7%
[22:43:05] [Worker-Main-6/INFO]: Preparing spawn area: 7%
[22:43:06] [Worker-Main-5/INFO]: Preparing spawn area: 9%
[22:43:06] [Worker-Main-6/INFO]: Preparing spawn area: 9%
[22:43:07] [Worker-Main-5/INFO]: Preparing spawn area: 9%
[22:43:07] [Worker-Main-6/INFO]: Preparing spawn area: 9%
[22:43:08] [Worker-Main-4/INFO]: Preparing spawn area: 15%
[22:43:08] [Worker-Main-6/INFO]: Preparing spawn area: 15%
[22:43:09] [Worker-Main-5/INFO]: Preparing spawn area: 17%
[22:43:09] [Worker-Main-5/INFO]: Preparing spawn area: 17%
[22:43:10] [Worker-Main-5/INFO]: Preparing spawn area: 20%
[22:43:10] [Worker-Main-5/INFO]: Preparing spawn area: 20%
[22:43:11] [Worker-Main-5/INFO]: Preparing spawn area: 20%
[22:43:12] [Worker-Main-5/INFO]: Preparing spawn area: 20%
[22:43:12] [Worker-Main-5/INFO]: Preparing spawn area: 20%
[22:43:12] [Worker-Main-4/INFO]: Preparing spawn area: 20%
[22:43:13] [Worker-Main-6/INFO]: Preparing spawn area: 26%
[22:43:13] [Worker-Main-4/INFO]: Preparing spawn area: 26%
[22:43:14] [Worker-Main-4/INFO]: Preparing spawn area: 26%
[22:43:14] [Worker-Main-6/INFO]: Preparing spawn area: 26%
[22:43:15] [Worker-Main-4/INFO]: Preparing spawn area: 26%
[22:43:15] [Worker-Main-4/INFO]: Preparing spawn area: 31%
[22:43:16] [Worker-Main-4/INFO]: Preparing spawn area: 31%
[22:43:16] [Worker-Main-4/INFO]: Preparing spawn area: 33%
[22:43:17] [Worker-Main-6/INFO]: Preparing spawn area: 34%
[22:43:17] [Worker-Main-4/INFO]: Preparing spawn area: 34%
[22:43:18] [Worker-Main-4/INFO]: Preparing spawn area: 36%
[22:43:18] [Worker-Main-4/INFO]: Preparing spawn area: 36%
[22:43:19] [Worker-Main-4/INFO]: Preparing spawn area: 36%
[22:43:19] [Worker-Main-4/INFO]: Preparing spawn area: 38%
[22:43:20] [Worker-Main-5/INFO]: Preparing spawn area: 41%
[22:43:20] [Worker-Main-5/INFO]: Preparing spawn area: 41%
[22:43:21] [Worker-Main-4/INFO]: Preparing spawn area: 41%
[22:43:21] [Worker-Main-4/INFO]: Preparing spawn area: 44%
[22:43:22] [Worker-Main-4/INFO]: Preparing spawn area: 44%
[22:43:22] [Worker-Main-4/INFO]: Preparing spawn area: 44%
[22:43:23] [Worker-Main-5/INFO]: Preparing spawn area: 47%
[22:43:23] [Worker-Main-5/INFO]: Preparing spawn area: 47%
[22:43:24] [Worker-Main-5/INFO]: Preparing spawn area: 49%
[22:43:24] [Worker-Main-4/INFO]: Preparing spawn area: 49%
[22:43:25] [Worker-Main-5/INFO]: Preparing spawn area: 49%
[22:43:25] [Worker-Main-6/INFO]: Preparing spawn area: 49%
[22:43:26] [Worker-Main-6/INFO]: Preparing spawn area: 55%
[22:43:26] [Worker-Main-5/INFO]: Preparing spawn area: 57%
[22:43:27] [Worker-Main-4/INFO]: Preparing spawn area: 57%
[22:43:27] [Worker-Main-6/INFO]: Preparing spawn area: 60%
[22:43:29] [Worker-Main-6/INFO]: Preparing spawn area: 62%
[22:43:29] [Worker-Main-6/INFO]: Preparing spawn area: 62%
[22:43:29] [Worker-Main-4/INFO]: Preparing spawn area: 62%
[22:43:30] [Worker-Main-5/INFO]: Preparing spawn area: 68%
[22:43:30] [Worker-Main-4/INFO]: Preparing spawn area: 68%
[22:43:31] [Worker-Main-5/INFO]: Preparing spawn area: 71%
[22:43:31] [Worker-Main-6/INFO]: Preparing spawn area: 74%
[22:43:31] [Worker-Main-4/INFO]: Preparing spawn area: 74%
[22:43:32] [Worker-Main-5/INFO]: Preparing spawn area: 78%
[22:43:32] [Worker-Main-5/INFO]: Preparing spawn area: 78%
[22:43:33] [Worker-Main-5/INFO]: Preparing spawn area: 85%
[22:43:33] [Worker-Main-4/INFO]: Preparing spawn area: 85%
[22:43:34] [Worker-Main-4/INFO]: Preparing spawn area: 91%
[22:43:34] [Worker-Main-6/INFO]: Preparing spawn area: 95%
[22:43:35] [Worker-Main-6/INFO]: Preparing spawn area: 96%
[22:43:35] [Server thread/INFO]: Time elapsed: 36084 ms
[22:43:35] [Server thread/INFO]: Done (44.128s)! For help, type "help"
[22:44:40] [Server thread/INFO]: Stopping the server
[22:44:40] [Server thread/INFO]: Stopping server
[22:44:40] [Server thread/INFO]: Saving players
[22:44:40] [Server thread/INFO]: Saving worlds
[22:44:40] [Server thread/INFO]: Saving chunks for level 'ServerLevel[world]'/minecraft:overworld
[22:44:41] [Server thread/INFO]: ThreadedAnvilChunkStorage (world): All chunks are saved
[22:44:41] [Server thread/INFO]: Saving chunks for level 'ServerLevel[world]'/minecraft:the_nether
[22:44:41] [Server thread/INFO]: ThreadedAnvilChunkStorage (DIM-1): All chunks are saved
[22:44:41] [Server thread/INFO]: Saving chunks for level 'ServerLevel[world]'/minecraft:the_end
[22:44:41] [Server thread/INFO]: ThreadedAnvilChunkStorage (DIM1): All chunks are saved
[22:44:41] [Server thread/INFO]: ThreadedAnvilChunkStorage (world): All chunks are saved
[22:44:41] [Server thread/INFO]: ThreadedAnvilChunkStorage (DIM-1): All chunks are saved
[22:44:41] [Server thread/INFO]: ThreadedAnvilChunkStorage (DIM1): All chunks are saved
